<?xml version="1.0" encoding="UTF-8"?>
<persistence version="2.0"
	xmlns="http://java.sun.com/xml/ns/persistence" xmlns:xsi="http://www.w3.org/2001/XMLSchema-instance"
	xsi:schemaLocation="
        http://java.sun.com/xml/ns/persistence
        http://java.sun.com/xml/ns/persistence/persistence_2_0.xsd">

	<persistence-unit name="laboratorio3PUTest" transaction-type="RESOURCE_LOCAL">
		<properties>
            <property name="javax.persistence.jdbc.url" value="jdbc:h2:mem:test;DB_CLOSE_DELAY=-1;DB_CLOSE_ON_EXIT=FALSE" />
            <property name="javax.persistence.jdbc.user" value="sa" />
            <property name="javax.persistence.jdbc.password" value="sa" />

			<property name="hibernate.dialect" value="org.hibernate.dialect.H2Dialect" />
			<property name="hibernate.show_sql" value="${hibernate.show.format.sql}" />
			<property name="hibernate.use_sql_comments" value="${hibernate.show.format.sql}" />
			<property name="hibernate.format_sql" value="${hibernate.show.format.sql}" />
            <property name="hibernate.hbm2ddl.auto" value="create-drop" />
		</properties>
	</persistence-unit>

</persistence>
